{
  "RSpec": {
    "coverage": {
      "/Users/Valentina/Documents/Universidad/Ing 2020 - 2/Testing/Actividades/AC02/Testing-AC02/pdf_pricer.rb": {
        "lines": [
          1,
          1,
          null,
          1,
          null,
          1,
          null,
          null,
          null,
          null,
          null,
          null,
          13,
          13,
          13,
          13,
          13,
          null,
          null,
          1,
          13,
          null,
          null,
          1,
          23,
          null,
          null,
          null,
          1,
          13,
          null,
          13,
          10,
          4,
          null,
          6,
          null,
          null,
          null,
          13,
          4,
          null,
          9,
          null,
          null,
          13,
          null,
          5,
          null,
          null,
          13,
          null,
          null,
          null,
          null
        ],
        "branches": {
          "[:if, 0, 33, 6, 37, 9]": {
            "[:then, 1, 34, 8, 34, 28]": 4,
            "[:else, 2, 36, 8, 36, 28]": 6
          },
          "[:if, 3, 32, 4, 38, 7]": {
            "[:then, 4, 33, 6, 37, 9]": 10,
            "[:else, 5, 32, 4, 38, 7]": 3
          },
          "[:if, 6, 40, 4, 44, 7]": {
            "[:then, 7, 41, 6, 41, 38]": 4,
            "[:else, 8, 43, 6, 43, 34]": 9
          },
          "[:if, 9, 46, 4, 49, 7]": {
            "[:then, 10, 48, 6, 48, 23]": 5,
            "[:else, 11, 46, 4, 49, 7]": 8
          }
        }
      },
      "/Users/Valentina/Documents/Universidad/Ing 2020 - 2/Testing/Actividades/AC02/Testing-AC02/tests/pdf_pricer_cacc_spec.rb": {
        "lines": [
          1,
          1,
          null,
          null,
          1,
          2,
          2,
          2,
          2,
          2,
          null,
          1,
          1,
          null,
          null,
          1,
          1,
          null,
          null,
          1,
          1,
          null,
          null,
          1,
          1,
          null,
          null,
          1,
          1,
          null,
          null
        ],
        "branches": {
        }
      },
      "/Users/Valentina/Documents/Universidad/Ing 2020 - 2/Testing/Actividades/AC02/Testing-AC02/tests/pdf_pricer_cc_spec.rb": {
        "lines": [
          1,
          1,
          null,
          null,
          1,
          2,
          2,
          2,
          null,
          1,
          1,
          null,
          null,
          1,
          1,
          null,
          null,
          1,
          1,
          null,
          null
        ],
        "branches": {
        }
      },
      "/Users/Valentina/Documents/Universidad/Ing 2020 - 2/Testing/Actividades/AC02/Testing-AC02/tests/pdf_pricer_lc_spec.rb": {
        "lines": [
          1,
          1,
          null,
          null,
          1,
          2,
          2,
          null,
          1,
          1,
          null,
          1,
          null,
          null,
          1,
          null,
          null
        ],
        "branches": {
        }
      },
      "/Users/Valentina/Documents/Universidad/Ing 2020 - 2/Testing/Actividades/AC02/Testing-AC02/tests/test_helper.rb": {
        "lines": [
          1,
          1,
          null,
          1,
          1,
          null,
          null
        ],
        "branches": {
        }
      }
    },
    "timestamp": 1601741184
  }
}
